<?xml version="1.0" encoding="UTF-8"?>
<testsuite xmlns:xsi="http://www.w3.org/2001/XMLSchema-instance" xsi:noNamespaceSchemaLocation="https://maven.apache.org/surefire/maven-surefire-plugin/xsd/surefire-test-report-3.0.xsd" version="3.0" name="com.automation.api.ApiClientUtilsExampleTest" time="0.358" tests="9" errors="0" skipped="0" failures="0">
  <properties>
[...]
</properties>
  <testcase name="testServerErrorWithUtilities" classname="com.automation.api.ApiClientUtilsExampleTest" time="0.014"/>
  <testcase name="testVerifyPostBodyWithUtilities" classname="com.automation.api.ApiClientUtilsExampleTest" time="0.015"/>
  <testcase name="testMultipleRequestsWithUtilities" classname="com.automation.api.ApiClientUtilsExampleTest" time="0.019"/>
  <testcase name="testGetUserWithUtilities" classname="com.automation.api.ApiClientUtilsExampleTest" time="0.011"/>
  <testcase name="testCreateUserWithUtilities" classname="com.automation.api.ApiClientUtilsExampleTest" time="0.01"/>
  <testcase name="testDeleteWithUtilities" classname="com.automation.api.ApiClientUtilsExampleTest" time="0.004"/>
  <testcase name="testQueryParameterWithUtilities" classname="com.automation.api.ApiClientUtilsExampleTest" time="0.01"/>
  <testcase name="testDelayedResponseWithUtilities" classname="com.automation.api.ApiClientUtilsExampleTest" time="0.21"/>
  <testcase name="testNotFoundWithUtilities" classname="com.automation.api.ApiClientUtilsExampleTest" time="0.011"/>
</testsuite>